Using pre-set license
Built from '2022.3/staging' branch; Version is '2022.3.38f1 (c5d5a7410213) revision 12965287'; Using compiler version '192829333'; Build Type 'Release'
OS: 'Windows 10  (10.0.19045) 64bit Professional' Language: 'ru' Physical Memory: 16332 MB
BatchMode: 1, IsHumanControllingUs: 0, StartBugReporterOnCrash: 0, Is64bit: 1, IsPro: 1

COMMAND LINE ARGUMENTS:
G:\Unity\DownloadUnity\2022.3.38f1\Editor\Unity.exe
-adb2
-batchMode
-noUpm
-name
AssetImportWorker6
-projectPath
C:/Users/AMIR/Documents/LudumDare56/EverydayLifeOfOurBody
-logFile
Logs/AssetImportWorker6.log
-srvPort
57867
Successfully changed project path to: C:/Users/AMIR/Documents/LudumDare56/EverydayLifeOfOurBody
C:/Users/AMIR/Documents/LudumDare56/EverydayLifeOfOurBody
[UnityMemory] Configuration Parameters - Can be set up in boot.config
    "memorysetup-bucket-allocator-granularity=16"
    "memorysetup-bucket-allocator-bucket-count=8"
    "memorysetup-bucket-allocator-block-size=33554432"
    "memorysetup-bucket-allocator-block-count=8"
    "memorysetup-main-allocator-block-size=16777216"
    "memorysetup-thread-allocator-block-size=16777216"
    "memorysetup-gfx-main-allocator-block-size=16777216"
    "memorysetup-gfx-thread-allocator-block-size=16777216"
    "memorysetup-cache-allocator-block-size=4194304"
    "memorysetup-typetree-allocator-block-size=2097152"
    "memorysetup-profiler-bucket-allocator-granularity=16"
    "memorysetup-profiler-bucket-allocator-bucket-count=8"
    "memorysetup-profiler-bucket-allocator-block-size=33554432"
    "memorysetup-profiler-bucket-allocator-block-count=8"
    "memorysetup-profiler-allocator-block-size=16777216"
    "memorysetup-profiler-editor-allocator-block-size=1048576"
    "memorysetup-temp-allocator-size-main=16777216"
    "memorysetup-job-temp-allocator-block-size=2097152"
    "memorysetup-job-temp-allocator-block-size-background=1048576"
    "memorysetup-job-temp-allocator-reduction-small-platforms=262144"
    "memorysetup-allocator-temp-initial-block-size-main=262144"
    "memorysetup-allocator-temp-initial-block-size-worker=262144"
    "memorysetup-temp-allocator-size-background-worker=32768"
    "memorysetup-temp-allocator-size-job-worker=262144"
    "memorysetup-temp-allocator-size-preload-manager=33554432"
    "memorysetup-temp-allocator-size-nav-mesh-worker=65536"
    "memorysetup-temp-allocator-size-audio-worker=65536"
    "memorysetup-temp-allocator-size-cloud-worker=32768"
    "memorysetup-temp-allocator-size-gi-baking-worker=262144"
    "memorysetup-temp-allocator-size-gfx=262144"
Player connection [1544]  Target information:

Player connection [1544]  * "[IP] 192.168.0.105 [Port] 0 [Flags] 2 [Guid] 1869058960 [EditorId] 1869058960 [Version] 1048832 [Id] WindowsEditor(7,DESKTOP-NNGJUNM) [Debug] 1 [PackageName] WindowsEditor [ProjectName] Editor" 

Player connection [1544]  * "[IP] 26.150.199.250 [Port] 0 [Flags] 2 [Guid] 1869058960 [EditorId] 1869058960 [Version] 1048832 [Id] WindowsEditor(7,DESKTOP-NNGJUNM) [Debug] 1 [PackageName] WindowsEditor [ProjectName] Editor" 

Player connection [1544] Host joined multi-casting on [225.0.0.222:54997]...
Player connection [1544] Host joined alternative multi-casting on [225.0.0.222:34997]...
[PhysX] Initialized MultithreadedTaskDispatcher with 12 workers.
Refreshing native plugins compatible for Editor in 40.94 ms, found 4 plugins.
Preloading 0 native plugins for Editor in 0.00 ms.
Initialize engine version: 2022.3.38f1 (c5d5a7410213)
[Subsystems] Discovering subsystems at path G:/Unity/DownloadUnity/2022.3.38f1/Editor/Data/Resources/UnitySubsystems
[Subsystems] Discovering subsystems at path C:/Users/AMIR/Documents/LudumDare56/EverydayLifeOfOurBody/Assets
GfxDevice: creating device client; threaded=0; jobified=0
Direct3D:
    Version:  Direct3D 11.0 [level 11.1]
    Renderer: Radeon RX 590 Series (ID=0x67df)
    Vendor:   ATI
    VRAM:     8170 MB
    Driver:   31.0.21912.14
Initialize mono
Mono path[0] = 'G:/Unity/DownloadUnity/2022.3.38f1/Editor/Data/Managed'
Mono path[1] = 'G:/Unity/DownloadUnity/2022.3.38f1/Editor/Data/MonoBleedingEdge/lib/mono/unityjit-win32'
Mono config path = 'G:/Unity/DownloadUnity/2022.3.38f1/Editor/Data/MonoBleedingEdge/etc'
Using monoOptions --debugger-agent=transport=dt_socket,embedding=1,server=y,suspend=n,address=127.0.0.1:56264
Begin MonoManager ReloadAssembly
Registering precompiled unity dll's ...
Register platform support module: G:/Unity/DownloadUnity/2022.3.38f1/Editor/Data/PlaybackEngines/WebGLSupport/UnityEditor.WebGL.Extensions.dll
Register platform support module: G:/Unity/DownloadUnity/2022.3.38f1/Editor/Data/PlaybackEngines/WindowsStandaloneSupport/UnityEditor.WindowsStandalone.Extensions.dll
Register platform support module: G:/Unity/DownloadUnity/2022.3.38f1/Editor/Data/PlaybackEngines/LinuxStandaloneSupport/UnityEditor.LinuxStandalone.Extensions.dll
Registered in 0.018559 seconds.
- Loaded All Assemblies, in  1.213 seconds
Native extension for LinuxStandalone target not found
Native extension for WindowsStandalone target not found
Native extension for WebGL target not found
Mono: successfully reloaded assembly
- Finished resetting the current domain, in  1.447 seconds
Domain Reload Profiling: 2660ms
	BeginReloadAssembly (328ms)
		ExecutionOrderSort (0ms)
		DisableScriptedObjects (0ms)
		BackupInstance (0ms)
		ReleaseScriptingObjects (0ms)
		CreateAndSetChildDomain (2ms)
	RebuildCommonClasses (129ms)
	RebuildNativeTypeToScriptingClass (45ms)
	initialDomainReloadingComplete (151ms)
	LoadAllAssembliesAndSetupDomain (558ms)
		LoadAssemblies (326ms)
		RebuildTransferFunctionScriptingTraits (0ms)
		AnalyzeDomain (554ms)
			TypeCache.Refresh (551ms)
				TypeCache.ScanAssembly (526ms)
			ScanForSourceGeneratedMonoScriptInfo (1ms)
			ResolveRequiredComponents (1ms)
	FinalizeReload (1448ms)
		ReleaseScriptCaches (0ms)
		RebuildScriptCaches (0ms)
		SetupLoadedEditorAssemblies (1302ms)
			LogAssemblyErrors (0ms)
			InitializePlatformSupportModulesInManaged (30ms)
			SetLoadedEditorAssemblies (15ms)
			RefreshPlugins (0ms)
			BeforeProcessingInitializeOnLoad (4ms)
			ProcessInitializeOnLoadAttributes (1146ms)
			ProcessInitializeOnLoadMethodAttributes (106ms)
			AfterProcessingInitializeOnLoad (0ms)
			EditorAssembliesLoaded (0ms)
		ExecutionOrderSort2 (0ms)
		AwakeInstancesAfterBackupRestoration (0ms)
========================================================================
Worker process is ready to serve import requests
Begin MonoManager ReloadAssembly
Symbol file data-000001E3EE4BB160 doesn't match image C:\Users\AMIR\Documents\LudumDare56\EverydayLifeOfOurBody\Library\ScriptAssemblies\UnityEngine.TestRunner.dll
Symbol file LoadedFromMemory is not a mono symbol file
- Loaded All Assemblies, in  1.903 seconds
Refreshing native plugins compatible for Editor in 10.17 ms, found 4 plugins.
Native extension for LinuxStandalone target not found
Native extension for WindowsStandalone target not found
Native extension for WebGL target not found
Package Manager log level set to [2]
[Package Manager] Server::EnsureServerProcessIsRunning -- launch failed, reason: Unity was launched with the -noUpm command-line argument
[Package Manager] UpmClient::Send -- Unable to send message (not connected to UPM process).
[Package Manager] Cannot connect to Unity Package Manager local server
Mono: successfully reloaded assembly
- Finished resetting the current domain, in  8.224 seconds
Domain Reload Profiling: 10119ms
	BeginReloadAssembly (271ms)
		ExecutionOrderSort (0ms)
		DisableScriptedObjects (16ms)
		BackupInstance (0ms)
		ReleaseScriptingObjects (0ms)
		CreateAndSetChildDomain (36ms)
	RebuildCommonClasses (63ms)
	RebuildNativeTypeToScriptingClass (27ms)
	initialDomainReloadingComplete (82ms)
	LoadAllAssembliesAndSetupDomain (1450ms)
		LoadAssemblies (1158ms)
		RebuildTransferFunctionScriptingTraits (0ms)
		AnalyzeDomain (436ms)
			TypeCache.Refresh (369ms)
				TypeCache.ScanAssembly (309ms)
			ScanForSourceGeneratedMonoScriptInfo (49ms)
			ResolveRequiredComponents (16ms)
	FinalizeReload (8225ms)
		ReleaseScriptCaches (0ms)
		RebuildScriptCaches (0ms)
		SetupLoadedEditorAssemblies (5715ms)
			LogAssemblyErrors (0ms)
			InitializePlatformSupportModulesInManaged (17ms)
			SetLoadedEditorAssemblies (12ms)
			RefreshPlugins (0ms)
			BeforeProcessingInitializeOnLoad (304ms)
			ProcessInitializeOnLoadAttributes (1338ms)
			ProcessInitializeOnLoadMethodAttributes (3992ms)
			AfterProcessingInitializeOnLoad (48ms)
			EditorAssembliesLoaded (3ms)
		ExecutionOrderSort2 (0ms)
		AwakeInstancesAfterBackupRestoration (609ms)
Launched and connected shader compiler UnityShaderCompiler.exe after 3.88 seconds
Refreshing native plugins compatible for Editor in 126.25 ms, found 4 plugins.
Preloading 0 native plugins for Editor in 0.00 ms.
Unloading 4824 Unused Serialized files (Serialized files now loaded: 0)
Unloading 89 unused Assets / (330.5 KB). Loaded Objects now: 5276.
Memory consumption went from 162.3 MB to 162.0 MB.
Total: 8.591200 ms (FindLiveObjects: 0.702500 ms CreateObjectMapping: 0.199000 ms MarkObjects: 7.208200 ms  DeleteObjects: 0.479400 ms)

AssetImportParameters requested are different than current active one (requested -> active):
  custom:container-demuxer-ogg: 62fdf1f143b41e24485cea50d1cbac27 -> 
  custom:video-decoder-ogg-theora: a1e56fd34408186e4bbccfd4996cb3dc -> 
  custom:framework-win-MediaFoundation: 216162199b28c13a410421893ffa2e32 -> 
  custom:CustomObjectIndexerAttribute: 9a22284fe3817be447336de3de66b15e -> 
  custom:container-demuxer-webm: 4f35f7cbe854078d1ac9338744f61a02 -> 
  custom:container-muxer-webm: aa71ff27fc2769a1b78a27578f13a17b -> 
  custom:video-decoder-webm-vp8: 9c59270c3fd7afecdb556c50c9e8de78 -> 
  custom:scripting/monoscript/fileName/SingleButtonHandler.cs: aed7182ea5b7853025ba8b3a7585f98b -> 
  custom:SearchIndexIgnoredProperties: e643bd26f0fe6173181afceb89e7c659 -> 
  custom:AudioImporter_EditorPlatform: d09bf68614088b80899f8185d706f6e7 -> 
  custom:video-encoder-webm-vp8: eb34c28f22e8b96e1ab97ce403110664 -> 
  custom:audio-decoder-ogg-vorbis: bf7c407c2cedff20999df2af8eb42d56 -> 
  custom:audio-encoder-webm-vorbis: bf7c407c2cedff20999df2af8eb42d56 -> 
========================================================================
Received Import Request.
  Time since last request: 177699.052623 seconds.
  path: Assets/LifeOfOurBody/Resources/Sprites/Circle.png
  artifactKey: Guid(a5dbcf365e8eb22458a321a276f6fc94) Importer(815301076,1909f56bfc062723c751e8b465ee728b)
Start importing Assets/LifeOfOurBody/Resources/Sprites/Circle.png using Guid(a5dbcf365e8eb22458a321a276f6fc94) Importer(815301076,1909f56bfc062723c751e8b465ee728b) [PhysX] Initialized MultithreadedTaskDispatcher with 12 workers.
[PhysX] Initialized MultithreadedTaskDispatcher with 12 workers.
 -> (artifact id: 'f1d88c708f71050820f71e420c512eae') in 0.371674 seconds
Number of updated asset objects reloaded before import = 0
Number of asset objects unloaded after import = 3
========================================================================
Received Import Request.
  Time since last request: 724.198875 seconds.
  path: Assets/LifeOfOurBody/Resources/Sprites/GroundLvlTwo 2.png
  artifactKey: Guid(680f14c64aa0b13479c7b74624612daa) Importer(815301076,1909f56bfc062723c751e8b465ee728b)
Start importing Assets/LifeOfOurBody/Resources/Sprites/GroundLvlTwo 2.png using Guid(680f14c64aa0b13479c7b74624612daa) Importer(815301076,1909f56bfc062723c751e8b465ee728b) [PhysX] Initialized MultithreadedTaskDispatcher with 12 workers.
[PhysX] Initialized MultithreadedTaskDispatcher with 12 workers.
 -> (artifact id: 'cff37e258948604bfdabaa36ab6760b2') in 0.118148 seconds
Number of updated asset objects reloaded before import = 0
Number of asset objects unloaded after import = 3
========================================================================
Received Import Request.
  Time since last request: 0.000036 seconds.
  path: Assets/LifeOfOurBody/Resources/Sprites/MusicUI.png
  artifactKey: Guid(f8039f7afdbc0dd4cbc0bcee67ad7daf) Importer(815301076,1909f56bfc062723c751e8b465ee728b)
Start importing Assets/LifeOfOurBody/Resources/Sprites/MusicUI.png using Guid(f8039f7afdbc0dd4cbc0bcee67ad7daf) Importer(815301076,1909f56bfc062723c751e8b465ee728b) [PhysX] Initialized MultithreadedTaskDispatcher with 12 workers.
[PhysX] Initialized MultithreadedTaskDispatcher with 12 workers.
 -> (artifact id: 'a448d01f821ac6224dba7e1d7a704183') in 0.059104 seconds
Number of updated asset objects reloaded before import = 0
Number of asset objects unloaded after import = 4
========================================================================
Received Import Request.
  Time since last request: 0.000043 seconds.
  path: Assets/LifeOfOurBody/Resources/Sprites/Tabletka.png
  artifactKey: Guid(096ab910f0e6a26449631b380ad1e6c6) Importer(815301076,1909f56bfc062723c751e8b465ee728b)
Start importing Assets/LifeOfOurBody/Resources/Sprites/Tabletka.png using Guid(096ab910f0e6a26449631b380ad1e6c6) Importer(815301076,1909f56bfc062723c751e8b465ee728b) [PhysX] Initialized MultithreadedTaskDispatcher with 12 workers.
[PhysX] Initialized MultithreadedTaskDispatcher with 12 workers.
 -> (artifact id: '2120b2eea618eb0a847fff67cc02ccf4') in 0.038447 seconds
Number of updated asset objects reloaded before import = 0
Number of asset objects unloaded after import = 3
========================================================================
Received Import Request.
  Time since last request: 0.000538 seconds.
  path: Assets/LifeOfOurBody/Resources/Sprites/PlayerLvlTwo.png
  artifactKey: Guid(4d5c41dbf9d39034081da2929cfc45c9) Importer(815301076,1909f56bfc062723c751e8b465ee728b)
Start importing Assets/LifeOfOurBody/Resources/Sprites/PlayerLvlTwo.png using Guid(4d5c41dbf9d39034081da2929cfc45c9) Importer(815301076,1909f56bfc062723c751e8b465ee728b) [PhysX] Initialized MultithreadedTaskDispatcher with 12 workers.
[PhysX] Initialized MultithreadedTaskDispatcher with 12 workers.
 -> (artifact id: 'd75e45d0311d43cf7edb95ed11fef9e2') in 0.038662 seconds
Number of updated asset objects reloaded before import = 0
Number of asset objects unloaded after import = 3
========================================================================
Received Import Request.
  Time since last request: 0.001146 seconds.
  path: Assets/LifeOfOurBody/Resources/Sprites/PlayerLvlTwoFinal.png
  artifactKey: Guid(b6290ff6d71ca3841a072f782a9a7bbb) Importer(815301076,1909f56bfc062723c751e8b465ee728b)
Start importing Assets/LifeOfOurBody/Resources/Sprites/PlayerLvlTwoFinal.png using Guid(b6290ff6d71ca3841a072f782a9a7bbb) Importer(815301076,1909f56bfc062723c751e8b465ee728b) [PhysX] Initialized MultithreadedTaskDispatcher with 12 workers.
[PhysX] Initialized MultithreadedTaskDispatcher with 12 workers.
 -> (artifact id: 'efda30570cf40e02bb4fced501b5a2f9') in 0.038291 seconds
Number of updated asset objects reloaded before import = 0
Number of asset objects unloaded after import = 3
========================================================================
Received Import Request.
  Time since last request: 0.000027 seconds.
  path: Assets/LifeOfOurBody/Resources/Sprites/PupleHole.png
  artifactKey: Guid(931e39b1a1dcac44f8f8869bf3753a98) Importer(815301076,1909f56bfc062723c751e8b465ee728b)
Start importing Assets/LifeOfOurBody/Resources/Sprites/PupleHole.png using Guid(931e39b1a1dcac44f8f8869bf3753a98) Importer(815301076,1909f56bfc062723c751e8b465ee728b) [PhysX] Initialized MultithreadedTaskDispatcher with 12 workers.
[PhysX] Initialized MultithreadedTaskDispatcher with 12 workers.
 -> (artifact id: '1f732138bb0e0abc0956b0591a0a86ed') in 0.030799 seconds
Number of updated asset objects reloaded before import = 0
Number of asset objects unloaded after import = 3
========================================================================
Received Import Request.
  Time since last request: 0.000032 seconds.
  path: Assets/LifeOfOurBody/Resources/Sprites/whitebox.png
  artifactKey: Guid(c422600d111f0ca4d8e21e0c6a703f98) Importer(815301076,1909f56bfc062723c751e8b465ee728b)
Start importing Assets/LifeOfOurBody/Resources/Sprites/whitebox.png using Guid(c422600d111f0ca4d8e21e0c6a703f98) Importer(815301076,1909f56bfc062723c751e8b465ee728b) [PhysX] Initialized MultithreadedTaskDispatcher with 12 workers.
[PhysX] Initialized MultithreadedTaskDispatcher with 12 workers.
 -> (artifact id: '2ba61bf7d0d49045284e2d89a05070ca') in 0.021627 seconds
Number of updated asset objects reloaded before import = 0
Number of asset objects unloaded after import = 3
